[debug] [2024-11-11T16:22:45.270Z] ----------------------------------------------------------------------
[debug] [2024-11-11T16:22:45.273Z] Command:       C:\Program Files\nodejs\node.exe C:\Program Files\nodejs\node_modules\firebase-tools\lib\bin\firebase.js deploy --force
[debug] [2024-11-11T16:22:45.273Z] CLI Version:   13.15.4
[debug] [2024-11-11T16:22:45.273Z] Platform:      win32
[debug] [2024-11-11T16:22:45.273Z] Node Version:  v20.16.0
[debug] [2024-11-11T16:22:45.273Z] Time:          Mon Nov 11 2024 17:22:45 GMT+0100 (Ora standard dell’Europa centrale)
[debug] [2024-11-11T16:22:45.274Z] ----------------------------------------------------------------------
[debug] 
[debug] [2024-11-11T16:22:45.337Z] > command requires scopes: ["email","openid","https://www.googleapis.com/auth/cloudplatformprojects.readonly","https://www.googleapis.com/auth/firebase","https://www.googleapis.com/auth/cloud-platform"]
[debug] [2024-11-11T16:22:45.337Z] > authorizing via signed-in user (cesaranofrancescomain@gmail.com)
[debug] [2024-11-11T16:22:45.337Z] [iam] checking project quickferries-a95b3 for permissions ["firebase.projects.get","firebasehosting.sites.update"]
[debug] [2024-11-11T16:22:45.338Z] > refreshing access token with scopes: []
[debug] [2024-11-11T16:22:45.340Z] >>> [apiv2][query] POST https://www.googleapis.com/oauth2/v3/token [none]
[debug] [2024-11-11T16:22:45.340Z] >>> [apiv2][body] POST https://www.googleapis.com/oauth2/v3/token [omitted]
[debug] [2024-11-11T16:22:45.661Z] <<< [apiv2][status] POST https://www.googleapis.com/oauth2/v3/token 200
[debug] [2024-11-11T16:22:45.661Z] <<< [apiv2][body] POST https://www.googleapis.com/oauth2/v3/token [omitted]
[debug] [2024-11-11T16:22:45.670Z] >>> [apiv2][query] POST https://cloudresourcemanager.googleapis.com/v1/projects/quickferries-a95b3:testIamPermissions [none]
[debug] [2024-11-11T16:22:45.670Z] >>> [apiv2][(partial)header] POST https://cloudresourcemanager.googleapis.com/v1/projects/quickferries-a95b3:testIamPermissions x-goog-quota-user=projects/quickferries-a95b3
[debug] [2024-11-11T16:22:45.671Z] >>> [apiv2][body] POST https://cloudresourcemanager.googleapis.com/v1/projects/quickferries-a95b3:testIamPermissions {"permissions":["firebase.projects.get","firebasehosting.sites.update"]}
[debug] [2024-11-11T16:22:47.108Z] <<< [apiv2][status] POST https://cloudresourcemanager.googleapis.com/v1/projects/quickferries-a95b3:testIamPermissions 200
[debug] [2024-11-11T16:22:47.109Z] <<< [apiv2][body] POST https://cloudresourcemanager.googleapis.com/v1/projects/quickferries-a95b3:testIamPermissions {"permissions":["firebase.projects.get","firebasehosting.sites.update"]}
[debug] [2024-11-11T16:22:47.110Z] >>> [apiv2][query] GET https://firebase.googleapis.com/v1beta1/projects/quickferries-a95b3 [none]
[debug] [2024-11-11T16:22:48.185Z] <<< [apiv2][status] GET https://firebase.googleapis.com/v1beta1/projects/quickferries-a95b3 200
[debug] [2024-11-11T16:22:48.185Z] <<< [apiv2][body] GET https://firebase.googleapis.com/v1beta1/projects/quickferries-a95b3 {"projectId":"quickferries-a95b3","projectNumber":"931884839500","displayName":"Quickferries","name":"projects/quickferries-a95b3","resources":{"hostingSite":"quickferries-a95b3"},"state":"ACTIVE","etag":"1_b15f36c7-bf9c-46c2-8713-58648e1355ac"}
[info] 
[info] === Deploying to 'quickferries-a95b3'...
[info] 
[info] i  deploying hosting 
[debug] [2024-11-11T16:22:48.191Z] >>> [apiv2][query] POST https://firebasehosting.googleapis.com/v1beta1/projects/-/sites/quickferries-a95b3/versions [none]
[debug] [2024-11-11T16:22:48.191Z] >>> [apiv2][body] POST https://firebasehosting.googleapis.com/v1beta1/projects/-/sites/quickferries-a95b3/versions {"status":"CREATED","labels":{"deployment-tool":"cli-firebase"}}
